[2024-08-19 13:22:28.987] [info]  No state version found, assuming empty state.
[2024-08-19 13:22:29.645] [info]  State version: 65
[2024-08-19 13:23:52.698] [info]  Error: The name is not activatable
[2024-08-19 13:23:52.701] [info]  Error: The name is not activatable
[2024-08-19 13:23:52.703] [info]  Error: The name is not activatable
[2024-08-19 13:23:52.704] [error] SetAccessToken: storing encrypted access token in secure storage failed. Falling back to disk storage. Error: New Access token key unable to be retrieved from secure storage.
[2024-08-19 13:23:52.708] [info]  Error: The name is not activatable
[2024-08-19 13:23:52.710] [info]  Error: The name is not activatable
[2024-08-19 13:23:52.710] [error] SetRefreshToken: storing refresh token in secure storage failed. Falling back to disk storage. Error: Refresh token failed to save to secure storage.
[2024-08-19 13:23:52.746] [info]  Error: The name is not activatable
[2024-08-19 13:23:52.747] [info]  Error: The name is not activatable
[2024-08-19 13:23:52.762] [info]  Error: The name is not activatable
[2024-08-19 13:23:52.766] [info]  Error: The name is not activatable
[2024-08-19 13:23:52.769] [info]  Error: The name is not activatable
[2024-08-19 13:23:52.787] [info]  Error: The name is not activatable
[2024-08-19 13:23:53.000] [info]  Finished search indexing
[2024-08-19 13:23:53.001] [info]  Error: The name is not activatable
[2024-08-19 13:23:53.005] [info]  Error: The name is not activatable
[2024-08-19 13:23:53.007] [info]  Error: The name is not activatable
[2024-08-19 13:23:53.007] [error] SetAccessToken: storing encrypted access token in secure storage failed. Falling back to disk storage. Error: New Access token key unable to be retrieved from secure storage.
[2024-08-19 13:23:53.011] [info]  Error: The name is not activatable
[2024-08-19 13:23:53.013] [info]  Error: The name is not activatable
[2024-08-19 13:23:53.014] [error] SetRefreshToken: storing refresh token in secure storage failed. Falling back to disk storage. Error: Refresh token failed to save to secure storage.
[2024-08-19 13:23:53.018] [info]  Error: The name is not activatable
[2024-08-19 13:23:53.020] [info]  Error: The name is not activatable
[2024-08-19 13:23:54.330] [info]  Error: The name is not activatable
[2024-08-19 13:23:54.426] [info]  Error: The name is not activatable
[2024-08-19 13:23:54.429] [info]  Error: The name is not activatable
[2024-08-19 13:23:54.561] [info]  Finished search indexing
[2024-08-19 13:23:54.590] [info]  Error: The name is not activatable
[2024-08-19 13:45:51.726] [error] TypeError: Object has been destroyed
    at WindowMain.<anonymous> (/usr/lib/bitwarden/app.asar/main.js:89991:36)
    at Generator.next (<anonymous>)
    at /usr/lib/bitwarden/app.asar/main.js:89753:71
    at new Promise (<anonymous>)
    at window_main_awaiter (/usr/lib/bitwarden/app.asar/main.js:89749:12)
    at WindowMain.updateWindowState (/usr/lib/bitwarden/app.asar/main.js:89986:16)
    at WindowMain.<anonymous> (/usr/lib/bitwarden/app.asar/main.js:89921:28)
    at Generator.next (<anonymous>)
    at /usr/lib/bitwarden/app.asar/main.js:89753:71
    at new Promise (<anonymous>)
[2024-08-21 10:42:43.193] [info]  State version: 65
[2024-08-21 10:42:43.196] [info]  Migrator MinVersionMigrator (to version 3) should migrate: false - up
[2024-08-21 10:42:43.196] [info]  Migrator RemoveEverBeenUnlockedMigrator (to version 4) should migrate: false - up
[2024-08-21 10:42:43.197] [info]  Migrator AddKeyTypeToOrgKeysMigrator (to version 5) should migrate: false - up
[2024-08-21 10:42:43.197] [info]  Migrator RemoveLegacyEtmKeyMigrator (to version 6) should migrate: false - up
[2024-08-21 10:42:43.197] [info]  Migrator MoveBiometricAutoPromptToAccount (to version 7) should migrate: false - up
[2024-08-21 10:42:43.197] [info]  Migrator MoveStateVersionMigrator (to version 8) should migrate: false - up
[2024-08-21 10:42:43.197] [info]  Migrator MoveBrowserSettingsToGlobal (to version 9) should migrate: false - up
[2024-08-21 10:42:43.197] [info]  Migrator EverHadUserKeyMigrator (to version 10) should migrate: false - up
[2024-08-21 10:42:43.197] [info]  Migrator OrganizationKeyMigrator (to version 11) should migrate: false - up
[2024-08-21 10:42:43.198] [info]  Migrator MoveEnvironmentStateToProviders (to version 12) should migrate: false - up
[2024-08-21 10:42:43.198] [info]  Migrator ProviderKeyMigrator (to version 13) should migrate: false - up
[2024-08-21 10:42:43.198] [info]  Migrator MoveBiometricClientKeyHalfToStateProviders (to version 14) should migrate: false - up
[2024-08-21 10:42:43.198] [info]  Migrator FolderMigrator (to version 15) should migrate: false - up
[2024-08-21 10:42:43.198] [info]  Migrator LastSyncMigrator (to version 16) should migrate: false - up
[2024-08-21 10:42:43.198] [info]  Migrator EnablePasskeysMigrator (to version 17) should migrate: false - up
[2024-08-21 10:42:43.198] [info]  Migrator AutofillSettingsKeyMigrator (to version 18) should migrate: false - up
[2024-08-21 10:42:43.198] [info]  Migrator RequirePasswordOnStartMigrator (to version 19) should migrate: false - up
[2024-08-21 10:42:43.198] [info]  Migrator PrivateKeyMigrator (to version 20) should migrate: false - up
[2024-08-21 10:42:43.198] [info]  Migrator CollectionMigrator (to version 21) should migrate: false - up
[2024-08-21 10:42:43.198] [info]  Migrator CollapsedGroupingsMigrator (to version 22) should migrate: false - up
[2024-08-21 10:42:43.198] [info]  Migrator MoveBiometricPromptsToStateProviders (to version 23) should migrate: false - up
[2024-08-21 10:42:43.198] [info]  Migrator SmOnboardingTasksMigrator (to version 24) should migrate: false - up
[2024-08-21 10:42:43.198] [info]  Migrator ClearClipboardDelayMigrator (to version 25) should migrate: false - up
[2024-08-21 10:42:43.199] [info]  Migrator RevertLastSyncMigrator (to version 26) should migrate: false - up
[2024-08-21 10:42:43.199] [info]  Migrator BadgeSettingsMigrator (to version 27) should migrate: false - up
[2024-08-21 10:42:43.199] [info]  Migrator MoveBiometricUnlockToStateProviders (to version 28) should migrate: false - up
[2024-08-21 10:42:43.199] [info]  Migrator UserNotificationSettingsKeyMigrator (to version 29) should migrate: false - up
[2024-08-21 10:42:43.199] [info]  Migrator PolicyMigrator (to version 30) should migrate: false - up
[2024-08-21 10:42:43.199] [info]  Migrator EnableContextMenuMigrator (to version 31) should migrate: false - up
[2024-08-21 10:42:43.199] [info]  Migrator PreferredLanguageMigrator (to version 32) should migrate: false - up
[2024-08-21 10:42:43.199] [info]  Migrator AppIdMigrator (to version 33) should migrate: false - up
[2024-08-21 10:42:43.199] [info]  Migrator DomainSettingsMigrator (to version 34) should migrate: false - up
[2024-08-21 10:42:43.199] [info]  Migrator MoveThemeToStateProviderMigrator (to version 35) should migrate: false - up
[2024-08-21 10:42:43.199] [info]  Migrator VaultSettingsKeyMigrator (to version 36) should migrate: false - up
[2024-08-21 10:42:43.199] [info]  Migrator AvatarColorMigrator (to version 37) should migrate: false - up
[2024-08-21 10:42:43.199] [info]  Migrator TokenServiceStateProviderMigrator (to version 38) should migrate: false - up
[2024-08-21 10:42:43.199] [info]  Migrator MoveBillingAccountProfileMigrator (to version 39) should migrate: false - up
[2024-08-21 10:42:43.199] [info]  Migrator OrganizationMigrator (to version 40) should migrate: false - up
[2024-08-21 10:42:43.200] [info]  Migrator EventCollectionMigrator (to version 41) should migrate: false - up
[2024-08-21 10:42:43.200] [info]  Migrator EnableFaviconMigrator (to version 42) should migrate: false - up
[2024-08-21 10:42:43.200] [info]  Migrator AutoConfirmFingerPrintsMigrator (to version 43) should migrate: false - up
[2024-08-21 10:42:43.200] [info]  Migrator UserDecryptionOptionsMigrator (to version 44) should migrate: false - up
[2024-08-21 10:42:43.200] [info]  Migrator MergeEnvironmentState (to version 45) should migrate: false - up
[2024-08-21 10:42:43.200] [info]  Migrator DeleteBiometricPromptCancelledData (to version 46) should migrate: false - up
[2024-08-21 10:42:43.200] [info]  Migrator MoveDesktopSettingsMigrator (to version 47) should migrate: false - up
[2024-08-21 10:42:43.200] [info]  Migrator MoveDdgToStateProviderMigrator (to version 48) should migrate: false - up
[2024-08-21 10:42:43.200] [info]  Migrator AccountServerConfigMigrator (to version 49) should migrate: false - up
[2024-08-21 10:42:43.200] [info]  Migrator KeyConnectorMigrator (to version 50) should migrate: false - up
[2024-08-21 10:42:43.200] [info]  Migrator RememberedEmailMigrator (to version 51) should migrate: false - up
[2024-08-21 10:42:43.200] [info]  Migrator DeleteInstalledVersion (to version 52) should migrate: false - up
[2024-08-21 10:42:43.200] [info]  Migrator DeviceTrustServiceStateProviderMigrator (to version 53) should migrate: false - up
[2024-08-21 10:42:43.201] [info]  Migrator SendMigrator (to version 54) should migrate: false - up
[2024-08-21 10:42:43.201] [info]  Migrator MoveMasterKeyStateToProviderMigrator (to version 55) should migrate: false - up
[2024-08-21 10:42:43.201] [info]  Migrator AuthRequestMigrator (to version 56) should migrate: false - up
[2024-08-21 10:42:43.201] [info]  Migrator CipherServiceMigrator (to version 57) should migrate: false - up
[2024-08-21 10:42:43.201] [info]  Migrator RemoveRefreshTokenMigratedFlagMigrator (to version 58) should migrate: false - up
[2024-08-21 10:42:43.201] [info]  Migrator KdfConfigMigrator (to version 59) should migrate: false - up
[2024-08-21 10:42:43.201] [info]  Migrator KnownAccountsMigrator (to version 60) should migrate: false - up
[2024-08-21 10:42:43.201] [info]  Migrator PinStateMigrator (to version 61) should migrate: false - up
[2024-08-21 10:42:43.201] [info]  Migrator VaultTimeoutSettingsServiceStateProviderMigrator (to version 62) should migrate: false - up
[2024-08-21 10:42:43.201] [info]  Migrator PasswordOptionsMigrator (to version 63) should migrate: false - up
[2024-08-21 10:42:43.201] [info]  Migrator GeneratorHistoryMigrator (to version 64) should migrate: false - up
[2024-08-21 10:42:43.201] [info]  Migrator ForwarderOptionsMigrator (to version 65) should migrate: false - up
[2024-08-21 10:42:43.870] [info]  State version: 65
[2024-08-21 10:42:43.875] [info]  Error: The name is not activatable
[2024-08-21 10:42:43.906] [info]  Error: The name is not activatable
[2024-08-21 10:42:43.943] [info]  Error: The name is not activatable
[2024-08-21 10:42:44.427] [info]  Error: The name is not activatable
[2024-08-21 10:42:44.431] [info]  Error: The name is not activatable
[2024-08-21 10:42:44.433] [info]  Error: The name is not activatable
[2024-08-21 10:42:44.434] [error] SetAccessToken: storing encrypted access token in secure storage failed. Falling back to disk storage. Error: New Access token key unable to be retrieved from secure storage.
[2024-08-21 10:42:44.448] [info]  Error: The name is not activatable
[2024-08-21 10:42:44.450] [info]  Error: The name is not activatable
[2024-08-21 10:42:44.450] [error] SetRefreshToken: storing refresh token in secure storage failed. Falling back to disk storage. Error: Refresh token failed to save to secure storage.
[2024-08-21 10:42:44.462] [info]  Error: The name is not activatable
[2024-08-21 10:42:44.466] [info]  Error: The name is not activatable
[2024-08-21 10:42:45.823] [info]  Error: The name is not activatable
[2024-08-21 10:42:45.894] [info]  Error: The name is not activatable
[2024-08-21 10:42:45.897] [info]  Error: The name is not activatable
[2024-08-21 10:42:45.899] [info]  Error: The name is not activatable
[2024-08-21 10:46:58.552] [info]  Error: The name is not activatable
[2024-08-21 10:46:58.554] [info]  Error: The name is not activatable
[2024-08-21 10:46:58.571] [info]  Error: The name is not activatable
[2024-08-21 10:46:58.571] [info]  Error: The name is not activatable
[2024-08-21 10:46:58.573] [info]  Error: The name is not activatable
[2024-08-21 10:46:58.578] [info]  Error: The name is not activatable
[2024-08-21 10:46:58.580] [info]  Error: The name is not activatable
[2024-08-21 10:46:58.940] [info]  Finished search indexing
[2024-08-21 11:21:08.812] [info]  Error: The name is not activatable
[2024-08-21 11:21:08.814] [info]  Error: The name is not activatable
[2024-08-21 11:21:09.460] [info]  Error: The name is not activatable
[2024-08-21 11:21:09.475] [info]  Error: The name is not activatable
[2024-08-21 11:21:09.480] [info]  Error: The name is not activatable
[2024-08-21 11:32:15.367] [error] TypeError: Object has been destroyed
    at WindowMain.<anonymous> (/usr/lib/bitwarden/app.asar/main.js:89991:36)
    at Generator.next (<anonymous>)
    at /usr/lib/bitwarden/app.asar/main.js:89753:71
    at new Promise (<anonymous>)
    at window_main_awaiter (/usr/lib/bitwarden/app.asar/main.js:89749:12)
    at WindowMain.updateWindowState (/usr/lib/bitwarden/app.asar/main.js:89986:16)
    at WindowMain.<anonymous> (/usr/lib/bitwarden/app.asar/main.js:89921:28)
    at Generator.next (<anonymous>)
    at /usr/lib/bitwarden/app.asar/main.js:89753:71
    at new Promise (<anonymous>)
[2024-08-21 11:41:34.558] [info]  State version: 65
[2024-08-21 11:41:34.560] [info]  Migrator MinVersionMigrator (to version 3) should migrate: false - up
[2024-08-21 11:41:34.561] [info]  Migrator RemoveEverBeenUnlockedMigrator (to version 4) should migrate: false - up
[2024-08-21 11:41:34.561] [info]  Migrator AddKeyTypeToOrgKeysMigrator (to version 5) should migrate: false - up
[2024-08-21 11:41:34.561] [info]  Migrator RemoveLegacyEtmKeyMigrator (to version 6) should migrate: false - up
[2024-08-21 11:41:34.561] [info]  Migrator MoveBiometricAutoPromptToAccount (to version 7) should migrate: false - up
[2024-08-21 11:41:34.561] [info]  Migrator MoveStateVersionMigrator (to version 8) should migrate: false - up
[2024-08-21 11:41:34.561] [info]  Migrator MoveBrowserSettingsToGlobal (to version 9) should migrate: false - up
[2024-08-21 11:41:34.562] [info]  Migrator EverHadUserKeyMigrator (to version 10) should migrate: false - up
[2024-08-21 11:41:34.562] [info]  Migrator OrganizationKeyMigrator (to version 11) should migrate: false - up
[2024-08-21 11:41:34.562] [info]  Migrator MoveEnvironmentStateToProviders (to version 12) should migrate: false - up
[2024-08-21 11:41:34.562] [info]  Migrator ProviderKeyMigrator (to version 13) should migrate: false - up
[2024-08-21 11:41:34.562] [info]  Migrator MoveBiometricClientKeyHalfToStateProviders (to version 14) should migrate: false - up
[2024-08-21 11:41:34.562] [info]  Migrator FolderMigrator (to version 15) should migrate: false - up
[2024-08-21 11:41:34.562] [info]  Migrator LastSyncMigrator (to version 16) should migrate: false - up
[2024-08-21 11:41:34.562] [info]  Migrator EnablePasskeysMigrator (to version 17) should migrate: false - up
[2024-08-21 11:41:34.562] [info]  Migrator AutofillSettingsKeyMigrator (to version 18) should migrate: false - up
[2024-08-21 11:41:34.562] [info]  Migrator RequirePasswordOnStartMigrator (to version 19) should migrate: false - up
[2024-08-21 11:41:34.562] [info]  Migrator PrivateKeyMigrator (to version 20) should migrate: false - up
[2024-08-21 11:41:34.562] [info]  Migrator CollectionMigrator (to version 21) should migrate: false - up
[2024-08-21 11:41:34.562] [info]  Migrator CollapsedGroupingsMigrator (to version 22) should migrate: false - up
[2024-08-21 11:41:34.562] [info]  Migrator MoveBiometricPromptsToStateProviders (to version 23) should migrate: false - up
[2024-08-21 11:41:34.563] [info]  Migrator SmOnboardingTasksMigrator (to version 24) should migrate: false - up
[2024-08-21 11:41:34.563] [info]  Migrator ClearClipboardDelayMigrator (to version 25) should migrate: false - up
[2024-08-21 11:41:34.563] [info]  Migrator RevertLastSyncMigrator (to version 26) should migrate: false - up
[2024-08-21 11:41:34.563] [info]  Migrator BadgeSettingsMigrator (to version 27) should migrate: false - up
[2024-08-21 11:41:34.563] [info]  Migrator MoveBiometricUnlockToStateProviders (to version 28) should migrate: false - up
[2024-08-21 11:41:34.563] [info]  Migrator UserNotificationSettingsKeyMigrator (to version 29) should migrate: false - up
[2024-08-21 11:41:34.563] [info]  Migrator PolicyMigrator (to version 30) should migrate: false - up
[2024-08-21 11:41:34.563] [info]  Migrator EnableContextMenuMigrator (to version 31) should migrate: false - up
[2024-08-21 11:41:34.563] [info]  Migrator PreferredLanguageMigrator (to version 32) should migrate: false - up
[2024-08-21 11:41:34.563] [info]  Migrator AppIdMigrator (to version 33) should migrate: false - up
[2024-08-21 11:41:34.563] [info]  Migrator DomainSettingsMigrator (to version 34) should migrate: false - up
[2024-08-21 11:41:34.563] [info]  Migrator MoveThemeToStateProviderMigrator (to version 35) should migrate: false - up
[2024-08-21 11:41:34.563] [info]  Migrator VaultSettingsKeyMigrator (to version 36) should migrate: false - up
[2024-08-21 11:41:34.563] [info]  Migrator AvatarColorMigrator (to version 37) should migrate: false - up
[2024-08-21 11:41:34.563] [info]  Migrator TokenServiceStateProviderMigrator (to version 38) should migrate: false - up
[2024-08-21 11:41:34.564] [info]  Migrator MoveBillingAccountProfileMigrator (to version 39) should migrate: false - up
[2024-08-21 11:41:34.564] [info]  Migrator OrganizationMigrator (to version 40) should migrate: false - up
[2024-08-21 11:41:34.564] [info]  Migrator EventCollectionMigrator (to version 41) should migrate: false - up
[2024-08-21 11:41:34.564] [info]  Migrator EnableFaviconMigrator (to version 42) should migrate: false - up
[2024-08-21 11:41:34.564] [info]  Migrator AutoConfirmFingerPrintsMigrator (to version 43) should migrate: false - up
[2024-08-21 11:41:34.564] [info]  Migrator UserDecryptionOptionsMigrator (to version 44) should migrate: false - up
[2024-08-21 11:41:34.564] [info]  Migrator MergeEnvironmentState (to version 45) should migrate: false - up
[2024-08-21 11:41:34.564] [info]  Migrator DeleteBiometricPromptCancelledData (to version 46) should migrate: false - up
[2024-08-21 11:41:34.564] [info]  Migrator MoveDesktopSettingsMigrator (to version 47) should migrate: false - up
[2024-08-21 11:41:34.564] [info]  Migrator MoveDdgToStateProviderMigrator (to version 48) should migrate: false - up
[2024-08-21 11:41:34.564] [info]  Migrator AccountServerConfigMigrator (to version 49) should migrate: false - up
[2024-08-21 11:41:34.564] [info]  Migrator KeyConnectorMigrator (to version 50) should migrate: false - up
[2024-08-21 11:41:34.564] [info]  Migrator RememberedEmailMigrator (to version 51) should migrate: false - up
[2024-08-21 11:41:34.564] [info]  Migrator DeleteInstalledVersion (to version 52) should migrate: false - up
[2024-08-21 11:41:34.565] [info]  Migrator DeviceTrustServiceStateProviderMigrator (to version 53) should migrate: false - up
[2024-08-21 11:41:34.565] [info]  Migrator SendMigrator (to version 54) should migrate: false - up
[2024-08-21 11:41:34.565] [info]  Migrator MoveMasterKeyStateToProviderMigrator (to version 55) should migrate: false - up
[2024-08-21 11:41:34.565] [info]  Migrator AuthRequestMigrator (to version 56) should migrate: false - up
[2024-08-21 11:41:34.565] [info]  Migrator CipherServiceMigrator (to version 57) should migrate: false - up
[2024-08-21 11:41:34.565] [info]  Migrator RemoveRefreshTokenMigratedFlagMigrator (to version 58) should migrate: false - up
[2024-08-21 11:41:34.565] [info]  Migrator KdfConfigMigrator (to version 59) should migrate: false - up
[2024-08-21 11:41:34.565] [info]  Migrator KnownAccountsMigrator (to version 60) should migrate: false - up
[2024-08-21 11:41:34.565] [info]  Migrator PinStateMigrator (to version 61) should migrate: false - up
[2024-08-21 11:41:34.565] [info]  Migrator VaultTimeoutSettingsServiceStateProviderMigrator (to version 62) should migrate: false - up
[2024-08-21 11:41:34.565] [info]  Migrator PasswordOptionsMigrator (to version 63) should migrate: false - up
[2024-08-21 11:41:34.565] [info]  Migrator GeneratorHistoryMigrator (to version 64) should migrate: false - up
[2024-08-21 11:41:34.566] [info]  Migrator ForwarderOptionsMigrator (to version 65) should migrate: false - up
[2024-08-21 11:41:35.263] [info]  State version: 65
[2024-08-21 11:41:35.268] [info]  Error: The name is not activatable
[2024-08-21 11:41:35.302] [info]  Error: The name is not activatable
[2024-08-21 11:41:35.339] [info]  Error: The name is not activatable
[2024-08-21 11:41:35.817] [info]  Error: The name is not activatable
[2024-08-21 11:41:35.821] [info]  Error: The name is not activatable
[2024-08-21 11:41:35.823] [info]  Error: The name is not activatable
[2024-08-21 11:41:35.823] [error] SetAccessToken: storing encrypted access token in secure storage failed. Falling back to disk storage. Error: New Access token key unable to be retrieved from secure storage.
[2024-08-21 11:41:35.835] [info]  Error: The name is not activatable
[2024-08-21 11:41:35.838] [info]  Error: The name is not activatable
[2024-08-21 11:41:35.838] [error] SetRefreshToken: storing refresh token in secure storage failed. Falling back to disk storage. Error: Refresh token failed to save to secure storage.
[2024-08-21 11:41:35.846] [info]  Error: The name is not activatable
[2024-08-21 11:41:35.849] [info]  Error: The name is not activatable
[2024-08-21 11:41:37.763] [info]  Error: The name is not activatable
[2024-08-21 11:42:14.505] [info]  Error: The name is not activatable
[2024-08-21 11:42:14.507] [info]  Error: The name is not activatable
[2024-08-21 11:42:14.527] [info]  Error: The name is not activatable
[2024-08-21 11:42:14.527] [info]  Error: The name is not activatable
[2024-08-21 11:42:14.529] [info]  Error: The name is not activatable
[2024-08-21 11:42:14.534] [info]  Error: The name is not activatable
[2024-08-21 11:42:14.535] [info]  Error: The name is not activatable
[2024-08-21 11:42:14.903] [info]  Finished search indexing
[2024-08-21 11:57:10.924] [error] TypeError: Object has been destroyed
    at WindowMain.<anonymous> (/usr/lib/bitwarden/app.asar/main.js:89991:36)
    at Generator.next (<anonymous>)
    at /usr/lib/bitwarden/app.asar/main.js:89753:71
    at new Promise (<anonymous>)
    at window_main_awaiter (/usr/lib/bitwarden/app.asar/main.js:89749:12)
    at WindowMain.updateWindowState (/usr/lib/bitwarden/app.asar/main.js:89986:16)
    at WindowMain.<anonymous> (/usr/lib/bitwarden/app.asar/main.js:89921:28)
    at Generator.next (<anonymous>)
    at /usr/lib/bitwarden/app.asar/main.js:89753:71
    at new Promise (<anonymous>)
[2024-08-21 15:08:47.002] [info]  State version: 65
[2024-08-21 15:08:47.004] [info]  Migrator MinVersionMigrator (to version 3) should migrate: false - up
[2024-08-21 15:08:47.005] [info]  Migrator RemoveEverBeenUnlockedMigrator (to version 4) should migrate: false - up
[2024-08-21 15:08:47.005] [info]  Migrator AddKeyTypeToOrgKeysMigrator (to version 5) should migrate: false - up
[2024-08-21 15:08:47.005] [info]  Migrator RemoveLegacyEtmKeyMigrator (to version 6) should migrate: false - up
[2024-08-21 15:08:47.005] [info]  Migrator MoveBiometricAutoPromptToAccount (to version 7) should migrate: false - up
[2024-08-21 15:08:47.005] [info]  Migrator MoveStateVersionMigrator (to version 8) should migrate: false - up
[2024-08-21 15:08:47.005] [info]  Migrator MoveBrowserSettingsToGlobal (to version 9) should migrate: false - up
[2024-08-21 15:08:47.005] [info]  Migrator EverHadUserKeyMigrator (to version 10) should migrate: false - up
[2024-08-21 15:08:47.006] [info]  Migrator OrganizationKeyMigrator (to version 11) should migrate: false - up
[2024-08-21 15:08:47.006] [info]  Migrator MoveEnvironmentStateToProviders (to version 12) should migrate: false - up
[2024-08-21 15:08:47.006] [info]  Migrator ProviderKeyMigrator (to version 13) should migrate: false - up
[2024-08-21 15:08:47.006] [info]  Migrator MoveBiometricClientKeyHalfToStateProviders (to version 14) should migrate: false - up
[2024-08-21 15:08:47.006] [info]  Migrator FolderMigrator (to version 15) should migrate: false - up
[2024-08-21 15:08:47.006] [info]  Migrator LastSyncMigrator (to version 16) should migrate: false - up
[2024-08-21 15:08:47.006] [info]  Migrator EnablePasskeysMigrator (to version 17) should migrate: false - up
[2024-08-21 15:08:47.006] [info]  Migrator AutofillSettingsKeyMigrator (to version 18) should migrate: false - up
[2024-08-21 15:08:47.006] [info]  Migrator RequirePasswordOnStartMigrator (to version 19) should migrate: false - up
[2024-08-21 15:08:47.006] [info]  Migrator PrivateKeyMigrator (to version 20) should migrate: false - up
[2024-08-21 15:08:47.006] [info]  Migrator CollectionMigrator (to version 21) should migrate: false - up
[2024-08-21 15:08:47.006] [info]  Migrator CollapsedGroupingsMigrator (to version 22) should migrate: false - up
[2024-08-21 15:08:47.007] [info]  Migrator MoveBiometricPromptsToStateProviders (to version 23) should migrate: false - up
[2024-08-21 15:08:47.007] [info]  Migrator SmOnboardingTasksMigrator (to version 24) should migrate: false - up
[2024-08-21 15:08:47.007] [info]  Migrator ClearClipboardDelayMigrator (to version 25) should migrate: false - up
[2024-08-21 15:08:47.007] [info]  Migrator RevertLastSyncMigrator (to version 26) should migrate: false - up
[2024-08-21 15:08:47.007] [info]  Migrator BadgeSettingsMigrator (to version 27) should migrate: false - up
[2024-08-21 15:08:47.007] [info]  Migrator MoveBiometricUnlockToStateProviders (to version 28) should migrate: false - up
[2024-08-21 15:08:47.007] [info]  Migrator UserNotificationSettingsKeyMigrator (to version 29) should migrate: false - up
[2024-08-21 15:08:47.007] [info]  Migrator PolicyMigrator (to version 30) should migrate: false - up
[2024-08-21 15:08:47.007] [info]  Migrator EnableContextMenuMigrator (to version 31) should migrate: false - up
[2024-08-21 15:08:47.007] [info]  Migrator PreferredLanguageMigrator (to version 32) should migrate: false - up
[2024-08-21 15:08:47.007] [info]  Migrator AppIdMigrator (to version 33) should migrate: false - up
[2024-08-21 15:08:47.007] [info]  Migrator DomainSettingsMigrator (to version 34) should migrate: false - up
[2024-08-21 15:08:47.007] [info]  Migrator MoveThemeToStateProviderMigrator (to version 35) should migrate: false - up
[2024-08-21 15:08:47.007] [info]  Migrator VaultSettingsKeyMigrator (to version 36) should migrate: false - up
[2024-08-21 15:08:47.008] [info]  Migrator AvatarColorMigrator (to version 37) should migrate: false - up
[2024-08-21 15:08:47.008] [info]  Migrator TokenServiceStateProviderMigrator (to version 38) should migrate: false - up
[2024-08-21 15:08:47.008] [info]  Migrator MoveBillingAccountProfileMigrator (to version 39) should migrate: false - up
[2024-08-21 15:08:47.008] [info]  Migrator OrganizationMigrator (to version 40) should migrate: false - up
[2024-08-21 15:08:47.008] [info]  Migrator EventCollectionMigrator (to version 41) should migrate: false - up
[2024-08-21 15:08:47.008] [info]  Migrator EnableFaviconMigrator (to version 42) should migrate: false - up
[2024-08-21 15:08:47.008] [info]  Migrator AutoConfirmFingerPrintsMigrator (to version 43) should migrate: false - up
[2024-08-21 15:08:47.008] [info]  Migrator UserDecryptionOptionsMigrator (to version 44) should migrate: false - up
[2024-08-21 15:08:47.008] [info]  Migrator MergeEnvironmentState (to version 45) should migrate: false - up
[2024-08-21 15:08:47.008] [info]  Migrator DeleteBiometricPromptCancelledData (to version 46) should migrate: false - up
[2024-08-21 15:08:47.008] [info]  Migrator MoveDesktopSettingsMigrator (to version 47) should migrate: false - up
[2024-08-21 15:08:47.008] [info]  Migrator MoveDdgToStateProviderMigrator (to version 48) should migrate: false - up
[2024-08-21 15:08:47.008] [info]  Migrator AccountServerConfigMigrator (to version 49) should migrate: false - up
[2024-08-21 15:08:47.008] [info]  Migrator KeyConnectorMigrator (to version 50) should migrate: false - up
[2024-08-21 15:08:47.008] [info]  Migrator RememberedEmailMigrator (to version 51) should migrate: false - up
[2024-08-21 15:08:47.009] [info]  Migrator DeleteInstalledVersion (to version 52) should migrate: false - up
[2024-08-21 15:08:47.009] [info]  Migrator DeviceTrustServiceStateProviderMigrator (to version 53) should migrate: false - up
[2024-08-21 15:08:47.009] [info]  Migrator SendMigrator (to version 54) should migrate: false - up
[2024-08-21 15:08:47.009] [info]  Migrator MoveMasterKeyStateToProviderMigrator (to version 55) should migrate: false - up
[2024-08-21 15:08:47.009] [info]  Migrator AuthRequestMigrator (to version 56) should migrate: false - up
[2024-08-21 15:08:47.009] [info]  Migrator CipherServiceMigrator (to version 57) should migrate: false - up
[2024-08-21 15:08:47.009] [info]  Migrator RemoveRefreshTokenMigratedFlagMigrator (to version 58) should migrate: false - up
[2024-08-21 15:08:47.009] [info]  Migrator KdfConfigMigrator (to version 59) should migrate: false - up
[2024-08-21 15:08:47.009] [info]  Migrator KnownAccountsMigrator (to version 60) should migrate: false - up
[2024-08-21 15:08:47.009] [info]  Migrator PinStateMigrator (to version 61) should migrate: false - up
[2024-08-21 15:08:47.009] [info]  Migrator VaultTimeoutSettingsServiceStateProviderMigrator (to version 62) should migrate: false - up
[2024-08-21 15:08:47.009] [info]  Migrator PasswordOptionsMigrator (to version 63) should migrate: false - up
[2024-08-21 15:08:47.009] [info]  Migrator GeneratorHistoryMigrator (to version 64) should migrate: false - up
[2024-08-21 15:08:47.010] [info]  Migrator ForwarderOptionsMigrator (to version 65) should migrate: false - up
[2024-08-21 15:08:47.615] [info]  State version: 65
[2024-08-21 15:08:47.619] [info]  Error: The name is not activatable
[2024-08-21 15:08:47.651] [info]  Error: The name is not activatable
[2024-08-21 15:08:47.691] [info]  Error: The name is not activatable
[2024-08-21 15:08:48.056] [info]  Error: The name is not activatable
[2024-08-21 15:08:48.062] [info]  Error: The name is not activatable
[2024-08-21 15:08:48.067] [info]  Error: The name is not activatable
[2024-08-21 15:08:48.068] [error] SetAccessToken: storing encrypted access token in secure storage failed. Falling back to disk storage. Error: New Access token key unable to be retrieved from secure storage.
[2024-08-21 15:08:48.093] [info]  Error: The name is not activatable
[2024-08-21 15:08:48.099] [info]  Error: The name is not activatable
[2024-08-21 15:08:48.101] [error] SetRefreshToken: storing refresh token in secure storage failed. Falling back to disk storage. Error: Refresh token failed to save to secure storage.
[2024-08-21 15:08:48.121] [info]  Error: The name is not activatable
[2024-08-21 15:08:48.128] [info]  Error: The name is not activatable
[2024-08-21 15:08:48.969] [info]  Error: The name is not activatable
[2024-08-21 15:08:49.056] [info]  Error: The name is not activatable
[2024-08-21 15:08:49.059] [info]  Error: The name is not activatable
[2024-08-21 15:08:49.061] [info]  Error: The name is not activatable
[2024-08-21 15:09:34.080] [info]  Error: The name is not activatable
[2024-08-21 15:09:34.082] [info]  Error: The name is not activatable
[2024-08-21 15:09:34.101] [info]  Error: The name is not activatable
[2024-08-21 15:09:34.101] [info]  Error: The name is not activatable
[2024-08-21 15:09:34.104] [info]  Error: The name is not activatable
[2024-08-21 15:09:34.108] [info]  Error: The name is not activatable
[2024-08-21 15:09:34.110] [info]  Error: The name is not activatable
[2024-08-21 15:09:34.460] [info]  Finished search indexing
[2024-08-21 15:59:39.379] [error] TypeError: Object has been destroyed
    at WindowMain.<anonymous> (/usr/lib/bitwarden/app.asar/main.js:89991:36)
    at Generator.next (<anonymous>)
    at /usr/lib/bitwarden/app.asar/main.js:89753:71
    at new Promise (<anonymous>)
    at window_main_awaiter (/usr/lib/bitwarden/app.asar/main.js:89749:12)
    at WindowMain.updateWindowState (/usr/lib/bitwarden/app.asar/main.js:89986:16)
    at WindowMain.<anonymous> (/usr/lib/bitwarden/app.asar/main.js:89921:28)
    at Generator.next (<anonymous>)
    at /usr/lib/bitwarden/app.asar/main.js:89753:71
    at new Promise (<anonymous>)
[2024-08-23 12:27:24.314] [info]  State version: 65
[2024-08-23 12:27:24.317] [info]  Migrator MinVersionMigrator (to version 3) should migrate: false - up
[2024-08-23 12:27:24.317] [info]  Migrator RemoveEverBeenUnlockedMigrator (to version 4) should migrate: false - up
[2024-08-23 12:27:24.317] [info]  Migrator AddKeyTypeToOrgKeysMigrator (to version 5) should migrate: false - up
[2024-08-23 12:27:24.317] [info]  Migrator RemoveLegacyEtmKeyMigrator (to version 6) should migrate: false - up
[2024-08-23 12:27:24.317] [info]  Migrator MoveBiometricAutoPromptToAccount (to version 7) should migrate: false - up
[2024-08-23 12:27:24.318] [info]  Migrator MoveStateVersionMigrator (to version 8) should migrate: false - up
[2024-08-23 12:27:24.318] [info]  Migrator MoveBrowserSettingsToGlobal (to version 9) should migrate: false - up
[2024-08-23 12:27:24.318] [info]  Migrator EverHadUserKeyMigrator (to version 10) should migrate: false - up
[2024-08-23 12:27:24.318] [info]  Migrator OrganizationKeyMigrator (to version 11) should migrate: false - up
[2024-08-23 12:27:24.318] [info]  Migrator MoveEnvironmentStateToProviders (to version 12) should migrate: false - up
[2024-08-23 12:27:24.318] [info]  Migrator ProviderKeyMigrator (to version 13) should migrate: false - up
[2024-08-23 12:27:24.318] [info]  Migrator MoveBiometricClientKeyHalfToStateProviders (to version 14) should migrate: false - up
[2024-08-23 12:27:24.318] [info]  Migrator FolderMigrator (to version 15) should migrate: false - up
[2024-08-23 12:27:24.318] [info]  Migrator LastSyncMigrator (to version 16) should migrate: false - up
[2024-08-23 12:27:24.318] [info]  Migrator EnablePasskeysMigrator (to version 17) should migrate: false - up
[2024-08-23 12:27:24.318] [info]  Migrator AutofillSettingsKeyMigrator (to version 18) should migrate: false - up
[2024-08-23 12:27:24.318] [info]  Migrator RequirePasswordOnStartMigrator (to version 19) should migrate: false - up
[2024-08-23 12:27:24.319] [info]  Migrator PrivateKeyMigrator (to version 20) should migrate: false - up
[2024-08-23 12:27:24.319] [info]  Migrator CollectionMigrator (to version 21) should migrate: false - up
[2024-08-23 12:27:24.319] [info]  Migrator CollapsedGroupingsMigrator (to version 22) should migrate: false - up
[2024-08-23 12:27:24.319] [info]  Migrator MoveBiometricPromptsToStateProviders (to version 23) should migrate: false - up
[2024-08-23 12:27:24.319] [info]  Migrator SmOnboardingTasksMigrator (to version 24) should migrate: false - up
[2024-08-23 12:27:24.319] [info]  Migrator ClearClipboardDelayMigrator (to version 25) should migrate: false - up
[2024-08-23 12:27:24.319] [info]  Migrator RevertLastSyncMigrator (to version 26) should migrate: false - up
[2024-08-23 12:27:24.319] [info]  Migrator BadgeSettingsMigrator (to version 27) should migrate: false - up
[2024-08-23 12:27:24.319] [info]  Migrator MoveBiometricUnlockToStateProviders (to version 28) should migrate: false - up
[2024-08-23 12:27:24.319] [info]  Migrator UserNotificationSettingsKeyMigrator (to version 29) should migrate: false - up
[2024-08-23 12:27:24.319] [info]  Migrator PolicyMigrator (to version 30) should migrate: false - up
[2024-08-23 12:27:24.319] [info]  Migrator EnableContextMenuMigrator (to version 31) should migrate: false - up
[2024-08-23 12:27:24.319] [info]  Migrator PreferredLanguageMigrator (to version 32) should migrate: false - up
[2024-08-23 12:27:24.319] [info]  Migrator AppIdMigrator (to version 33) should migrate: false - up
[2024-08-23 12:27:24.319] [info]  Migrator DomainSettingsMigrator (to version 34) should migrate: false - up
[2024-08-23 12:27:24.319] [info]  Migrator MoveThemeToStateProviderMigrator (to version 35) should migrate: false - up
[2024-08-23 12:27:24.320] [info]  Migrator VaultSettingsKeyMigrator (to version 36) should migrate: false - up
[2024-08-23 12:27:24.320] [info]  Migrator AvatarColorMigrator (to version 37) should migrate: false - up
[2024-08-23 12:27:24.320] [info]  Migrator TokenServiceStateProviderMigrator (to version 38) should migrate: false - up
[2024-08-23 12:27:24.320] [info]  Migrator MoveBillingAccountProfileMigrator (to version 39) should migrate: false - up
[2024-08-23 12:27:24.320] [info]  Migrator OrganizationMigrator (to version 40) should migrate: false - up
[2024-08-23 12:27:24.320] [info]  Migrator EventCollectionMigrator (to version 41) should migrate: false - up
[2024-08-23 12:27:24.320] [info]  Migrator EnableFaviconMigrator (to version 42) should migrate: false - up
[2024-08-23 12:27:24.320] [info]  Migrator AutoConfirmFingerPrintsMigrator (to version 43) should migrate: false - up
[2024-08-23 12:27:24.320] [info]  Migrator UserDecryptionOptionsMigrator (to version 44) should migrate: false - up
[2024-08-23 12:27:24.320] [info]  Migrator MergeEnvironmentState (to version 45) should migrate: false - up
[2024-08-23 12:27:24.320] [info]  Migrator DeleteBiometricPromptCancelledData (to version 46) should migrate: false - up
[2024-08-23 12:27:24.320] [info]  Migrator MoveDesktopSettingsMigrator (to version 47) should migrate: false - up
[2024-08-23 12:27:24.320] [info]  Migrator MoveDdgToStateProviderMigrator (to version 48) should migrate: false - up
[2024-08-23 12:27:24.320] [info]  Migrator AccountServerConfigMigrator (to version 49) should migrate: false - up
[2024-08-23 12:27:24.320] [info]  Migrator KeyConnectorMigrator (to version 50) should migrate: false - up
[2024-08-23 12:27:24.320] [info]  Migrator RememberedEmailMigrator (to version 51) should migrate: false - up
[2024-08-23 12:27:24.321] [info]  Migrator DeleteInstalledVersion (to version 52) should migrate: false - up
[2024-08-23 12:27:24.321] [info]  Migrator DeviceTrustServiceStateProviderMigrator (to version 53) should migrate: false - up
[2024-08-23 12:27:24.321] [info]  Migrator SendMigrator (to version 54) should migrate: false - up
[2024-08-23 12:27:24.321] [info]  Migrator MoveMasterKeyStateToProviderMigrator (to version 55) should migrate: false - up
[2024-08-23 12:27:24.321] [info]  Migrator AuthRequestMigrator (to version 56) should migrate: false - up
[2024-08-23 12:27:24.321] [info]  Migrator CipherServiceMigrator (to version 57) should migrate: false - up
[2024-08-23 12:27:24.321] [info]  Migrator RemoveRefreshTokenMigratedFlagMigrator (to version 58) should migrate: false - up
[2024-08-23 12:27:24.321] [info]  Migrator KdfConfigMigrator (to version 59) should migrate: false - up
[2024-08-23 12:27:24.321] [info]  Migrator KnownAccountsMigrator (to version 60) should migrate: false - up
[2024-08-23 12:27:24.321] [info]  Migrator PinStateMigrator (to version 61) should migrate: false - up
[2024-08-23 12:27:24.321] [info]  Migrator VaultTimeoutSettingsServiceStateProviderMigrator (to version 62) should migrate: false - up
[2024-08-23 12:27:24.321] [info]  Migrator PasswordOptionsMigrator (to version 63) should migrate: false - up
[2024-08-23 12:27:24.321] [info]  Migrator GeneratorHistoryMigrator (to version 64) should migrate: false - up
[2024-08-23 12:27:24.321] [info]  Migrator ForwarderOptionsMigrator (to version 65) should migrate: false - up
[2024-08-23 12:27:24.958] [info]  State version: 65
[2024-08-23 12:27:24.962] [info]  Error: The name is not activatable
[2024-08-23 12:27:24.994] [info]  Error: The name is not activatable
[2024-08-23 12:27:25.031] [info]  Error: The name is not activatable
[2024-08-23 12:27:25.517] [info]  Error: The name is not activatable
[2024-08-23 12:27:25.527] [info]  Error: The name is not activatable
[2024-08-23 12:27:25.532] [info]  Error: The name is not activatable
[2024-08-23 12:27:25.533] [error] SetAccessToken: storing encrypted access token in secure storage failed. Falling back to disk storage. Error: New Access token key unable to be retrieved from secure storage.
[2024-08-23 12:27:25.555] [info]  Error: The name is not activatable
[2024-08-23 12:27:25.560] [info]  Error: The name is not activatable
[2024-08-23 12:27:25.561] [error] SetRefreshToken: storing refresh token in secure storage failed. Falling back to disk storage. Error: Refresh token failed to save to secure storage.
[2024-08-23 12:27:25.579] [info]  Error: The name is not activatable
[2024-08-23 12:27:25.582] [info]  Error: The name is not activatable
[2024-08-23 12:27:27.698] [info]  Error: The name is not activatable
[2024-08-23 12:27:27.775] [info]  Error: The name is not activatable
[2024-08-23 12:27:27.778] [info]  Error: The name is not activatable
[2024-08-23 12:27:27.780] [info]  Error: The name is not activatable
[2024-08-23 12:27:29.042] [info]  Error: The name is not activatable
[2024-08-23 12:27:29.044] [info]  Error: The name is not activatable
[2024-08-23 12:27:29.061] [info]  Error: The name is not activatable
[2024-08-23 12:27:29.061] [info]  Error: The name is not activatable
[2024-08-23 12:27:29.064] [info]  Error: The name is not activatable
[2024-08-23 12:27:29.067] [info]  Error: The name is not activatable
[2024-08-23 12:27:29.069] [info]  Error: The name is not activatable
[2024-08-23 12:27:29.415] [info]  Finished search indexing
[2024-08-23 14:13:27.975] [error] TypeError: Object has been destroyed
    at WindowMain.<anonymous> (/usr/lib/bitwarden/app.asar/main.js:89991:36)
    at Generator.next (<anonymous>)
    at /usr/lib/bitwarden/app.asar/main.js:89753:71
    at new Promise (<anonymous>)
    at window_main_awaiter (/usr/lib/bitwarden/app.asar/main.js:89749:12)
    at WindowMain.updateWindowState (/usr/lib/bitwarden/app.asar/main.js:89986:16)
    at WindowMain.<anonymous> (/usr/lib/bitwarden/app.asar/main.js:89921:28)
    at Generator.next (<anonymous>)
    at /usr/lib/bitwarden/app.asar/main.js:89753:71
    at new Promise (<anonymous>)
[2024-08-25 14:34:52.253] [info]  State version: 65
[2024-08-25 14:34:52.256] [info]  Migrator MinVersionMigrator (to version 3) should migrate: false - up
[2024-08-25 14:34:52.256] [info]  Migrator RemoveEverBeenUnlockedMigrator (to version 4) should migrate: false - up
[2024-08-25 14:34:52.256] [info]  Migrator AddKeyTypeToOrgKeysMigrator (to version 5) should migrate: false - up
[2024-08-25 14:34:52.256] [info]  Migrator RemoveLegacyEtmKeyMigrator (to version 6) should migrate: false - up
[2024-08-25 14:34:52.256] [info]  Migrator MoveBiometricAutoPromptToAccount (to version 7) should migrate: false - up
[2024-08-25 14:34:52.257] [info]  Migrator MoveStateVersionMigrator (to version 8) should migrate: false - up
[2024-08-25 14:34:52.257] [info]  Migrator MoveBrowserSettingsToGlobal (to version 9) should migrate: false - up
[2024-08-25 14:34:52.257] [info]  Migrator EverHadUserKeyMigrator (to version 10) should migrate: false - up
[2024-08-25 14:34:52.257] [info]  Migrator OrganizationKeyMigrator (to version 11) should migrate: false - up
[2024-08-25 14:34:52.257] [info]  Migrator MoveEnvironmentStateToProviders (to version 12) should migrate: false - up
[2024-08-25 14:34:52.257] [info]  Migrator ProviderKeyMigrator (to version 13) should migrate: false - up
[2024-08-25 14:34:52.257] [info]  Migrator MoveBiometricClientKeyHalfToStateProviders (to version 14) should migrate: false - up
[2024-08-25 14:34:52.257] [info]  Migrator FolderMigrator (to version 15) should migrate: false - up
[2024-08-25 14:34:52.257] [info]  Migrator LastSyncMigrator (to version 16) should migrate: false - up
[2024-08-25 14:34:52.257] [info]  Migrator EnablePasskeysMigrator (to version 17) should migrate: false - up
[2024-08-25 14:34:52.258] [info]  Migrator AutofillSettingsKeyMigrator (to version 18) should migrate: false - up
[2024-08-25 14:34:52.258] [info]  Migrator RequirePasswordOnStartMigrator (to version 19) should migrate: false - up
[2024-08-25 14:34:52.258] [info]  Migrator PrivateKeyMigrator (to version 20) should migrate: false - up
[2024-08-25 14:34:52.258] [info]  Migrator CollectionMigrator (to version 21) should migrate: false - up
[2024-08-25 14:34:52.258] [info]  Migrator CollapsedGroupingsMigrator (to version 22) should migrate: false - up
[2024-08-25 14:34:52.258] [info]  Migrator MoveBiometricPromptsToStateProviders (to version 23) should migrate: false - up
[2024-08-25 14:34:52.258] [info]  Migrator SmOnboardingTasksMigrator (to version 24) should migrate: false - up
[2024-08-25 14:34:52.258] [info]  Migrator ClearClipboardDelayMigrator (to version 25) should migrate: false - up
[2024-08-25 14:34:52.258] [info]  Migrator RevertLastSyncMigrator (to version 26) should migrate: false - up
[2024-08-25 14:34:52.258] [info]  Migrator BadgeSettingsMigrator (to version 27) should migrate: false - up
[2024-08-25 14:34:52.258] [info]  Migrator MoveBiometricUnlockToStateProviders (to version 28) should migrate: false - up
[2024-08-25 14:34:52.258] [info]  Migrator UserNotificationSettingsKeyMigrator (to version 29) should migrate: false - up
[2024-08-25 14:34:52.258] [info]  Migrator PolicyMigrator (to version 30) should migrate: false - up
[2024-08-25 14:34:52.258] [info]  Migrator EnableContextMenuMigrator (to version 31) should migrate: false - up
[2024-08-25 14:34:52.258] [info]  Migrator PreferredLanguageMigrator (to version 32) should migrate: false - up
[2024-08-25 14:34:52.258] [info]  Migrator AppIdMigrator (to version 33) should migrate: false - up
[2024-08-25 14:34:52.259] [info]  Migrator DomainSettingsMigrator (to version 34) should migrate: false - up
[2024-08-25 14:34:52.259] [info]  Migrator MoveThemeToStateProviderMigrator (to version 35) should migrate: false - up
[2024-08-25 14:34:52.259] [info]  Migrator VaultSettingsKeyMigrator (to version 36) should migrate: false - up
[2024-08-25 14:34:52.259] [info]  Migrator AvatarColorMigrator (to version 37) should migrate: false - up
[2024-08-25 14:34:52.259] [info]  Migrator TokenServiceStateProviderMigrator (to version 38) should migrate: false - up
[2024-08-25 14:34:52.259] [info]  Migrator MoveBillingAccountProfileMigrator (to version 39) should migrate: false - up
[2024-08-25 14:34:52.259] [info]  Migrator OrganizationMigrator (to version 40) should migrate: false - up
[2024-08-25 14:34:52.259] [info]  Migrator EventCollectionMigrator (to version 41) should migrate: false - up
[2024-08-25 14:34:52.259] [info]  Migrator EnableFaviconMigrator (to version 42) should migrate: false - up
[2024-08-25 14:34:52.259] [info]  Migrator AutoConfirmFingerPrintsMigrator (to version 43) should migrate: false - up
[2024-08-25 14:34:52.259] [info]  Migrator UserDecryptionOptionsMigrator (to version 44) should migrate: false - up
[2024-08-25 14:34:52.259] [info]  Migrator MergeEnvironmentState (to version 45) should migrate: false - up
[2024-08-25 14:34:52.259] [info]  Migrator DeleteBiometricPromptCancelledData (to version 46) should migrate: false - up
[2024-08-25 14:34:52.259] [info]  Migrator MoveDesktopSettingsMigrator (to version 47) should migrate: false - up
[2024-08-25 14:34:52.259] [info]  Migrator MoveDdgToStateProviderMigrator (to version 48) should migrate: false - up
[2024-08-25 14:34:52.259] [info]  Migrator AccountServerConfigMigrator (to version 49) should migrate: false - up
[2024-08-25 14:34:52.260] [info]  Migrator KeyConnectorMigrator (to version 50) should migrate: false - up
[2024-08-25 14:34:52.260] [info]  Migrator RememberedEmailMigrator (to version 51) should migrate: false - up
[2024-08-25 14:34:52.260] [info]  Migrator DeleteInstalledVersion (to version 52) should migrate: false - up
[2024-08-25 14:34:52.260] [info]  Migrator DeviceTrustServiceStateProviderMigrator (to version 53) should migrate: false - up
[2024-08-25 14:34:52.260] [info]  Migrator SendMigrator (to version 54) should migrate: false - up
[2024-08-25 14:34:52.260] [info]  Migrator MoveMasterKeyStateToProviderMigrator (to version 55) should migrate: false - up
[2024-08-25 14:34:52.260] [info]  Migrator AuthRequestMigrator (to version 56) should migrate: false - up
[2024-08-25 14:34:52.260] [info]  Migrator CipherServiceMigrator (to version 57) should migrate: false - up
[2024-08-25 14:34:52.260] [info]  Migrator RemoveRefreshTokenMigratedFlagMigrator (to version 58) should migrate: false - up
[2024-08-25 14:34:52.260] [info]  Migrator KdfConfigMigrator (to version 59) should migrate: false - up
[2024-08-25 14:34:52.260] [info]  Migrator KnownAccountsMigrator (to version 60) should migrate: false - up
[2024-08-25 14:34:52.260] [info]  Migrator PinStateMigrator (to version 61) should migrate: false - up
[2024-08-25 14:34:52.260] [info]  Migrator VaultTimeoutSettingsServiceStateProviderMigrator (to version 62) should migrate: false - up
[2024-08-25 14:34:52.260] [info]  Migrator PasswordOptionsMigrator (to version 63) should migrate: false - up
[2024-08-25 14:34:52.261] [info]  Migrator GeneratorHistoryMigrator (to version 64) should migrate: false - up
[2024-08-25 14:34:52.261] [info]  Migrator ForwarderOptionsMigrator (to version 65) should migrate: false - up
[2024-08-25 14:34:52.969] [info]  State version: 65
[2024-08-25 14:34:52.974] [info]  Error: The name is not activatable
[2024-08-25 14:34:53.006] [info]  Error: The name is not activatable
[2024-08-25 14:34:53.042] [info]  Error: The name is not activatable
[2024-08-25 14:34:53.514] [info]  Error: The name is not activatable
[2024-08-25 14:34:53.522] [info]  Error: The name is not activatable
[2024-08-25 14:34:53.528] [info]  Error: The name is not activatable
[2024-08-25 14:34:53.530] [error] SetAccessToken: storing encrypted access token in secure storage failed. Falling back to disk storage. Error: New Access token key unable to be retrieved from secure storage.
[2024-08-25 14:34:53.548] [info]  Error: The name is not activatable
[2024-08-25 14:34:53.553] [info]  Error: The name is not activatable
[2024-08-25 14:34:53.554] [error] SetRefreshToken: storing refresh token in secure storage failed. Falling back to disk storage. Error: Refresh token failed to save to secure storage.
[2024-08-25 14:34:53.569] [info]  Error: The name is not activatable
[2024-08-25 14:34:53.572] [info]  Error: The name is not activatable
[2024-08-25 14:34:55.280] [info]  Error: The name is not activatable
[2024-08-25 14:34:55.346] [info]  Error: The name is not activatable
[2024-08-25 14:34:55.349] [info]  Error: The name is not activatable
[2024-08-25 14:34:55.351] [info]  Error: The name is not activatable
[2024-08-25 14:34:55.668] [info]  Error: The name is not activatable
[2024-08-25 14:34:55.670] [info]  Error: The name is not activatable
[2024-08-25 14:34:55.689] [info]  Error: The name is not activatable
[2024-08-25 14:34:55.695] [info]  Error: The name is not activatable
[2024-08-25 14:34:55.697] [info]  Error: The name is not activatable
[2024-08-25 14:34:56.007] [info]  Error: The name is not activatable
[2024-08-25 14:34:56.034] [info]  Error: The name is not activatable
[2024-08-25 14:34:56.035] [info]  Finished search indexing
[2024-08-25 14:35:47.751] [error] TypeError: Object has been destroyed
    at WindowMain.<anonymous> (/usr/lib/bitwarden/app.asar/main.js:89991:36)
    at Generator.next (<anonymous>)
    at /usr/lib/bitwarden/app.asar/main.js:89753:71
    at new Promise (<anonymous>)
    at window_main_awaiter (/usr/lib/bitwarden/app.asar/main.js:89749:12)
    at WindowMain.updateWindowState (/usr/lib/bitwarden/app.asar/main.js:89986:16)
    at WindowMain.<anonymous> (/usr/lib/bitwarden/app.asar/main.js:89921:28)
    at Generator.next (<anonymous>)
    at /usr/lib/bitwarden/app.asar/main.js:89753:71
    at new Promise (<anonymous>)
[2024-08-26 16:41:25.930] [info]  State version: 65
[2024-08-26 16:41:25.933] [info]  Migrator MinVersionMigrator (to version 3) should migrate: false - up
[2024-08-26 16:41:25.933] [info]  Migrator RemoveEverBeenUnlockedMigrator (to version 4) should migrate: false - up
[2024-08-26 16:41:25.933] [info]  Migrator AddKeyTypeToOrgKeysMigrator (to version 5) should migrate: false - up
[2024-08-26 16:41:25.933] [info]  Migrator RemoveLegacyEtmKeyMigrator (to version 6) should migrate: false - up
[2024-08-26 16:41:25.934] [info]  Migrator MoveBiometricAutoPromptToAccount (to version 7) should migrate: false - up
[2024-08-26 16:41:25.934] [info]  Migrator MoveStateVersionMigrator (to version 8) should migrate: false - up
[2024-08-26 16:41:25.934] [info]  Migrator MoveBrowserSettingsToGlobal (to version 9) should migrate: false - up
[2024-08-26 16:41:25.934] [info]  Migrator EverHadUserKeyMigrator (to version 10) should migrate: false - up
[2024-08-26 16:41:25.934] [info]  Migrator OrganizationKeyMigrator (to version 11) should migrate: false - up
[2024-08-26 16:41:25.934] [info]  Migrator MoveEnvironmentStateToProviders (to version 12) should migrate: false - up
[2024-08-26 16:41:25.934] [info]  Migrator ProviderKeyMigrator (to version 13) should migrate: false - up
[2024-08-26 16:41:25.935] [info]  Migrator MoveBiometricClientKeyHalfToStateProviders (to version 14) should migrate: false - up
[2024-08-26 16:41:25.935] [info]  Migrator FolderMigrator (to version 15) should migrate: false - up
[2024-08-26 16:41:25.935] [info]  Migrator LastSyncMigrator (to version 16) should migrate: false - up
[2024-08-26 16:41:25.935] [info]  Migrator EnablePasskeysMigrator (to version 17) should migrate: false - up
[2024-08-26 16:41:25.935] [info]  Migrator AutofillSettingsKeyMigrator (to version 18) should migrate: false - up
[2024-08-26 16:41:25.935] [info]  Migrator RequirePasswordOnStartMigrator (to version 19) should migrate: false - up
[2024-08-26 16:41:25.935] [info]  Migrator PrivateKeyMigrator (to version 20) should migrate: false - up
[2024-08-26 16:41:25.935] [info]  Migrator CollectionMigrator (to version 21) should migrate: false - up
[2024-08-26 16:41:25.935] [info]  Migrator CollapsedGroupingsMigrator (to version 22) should migrate: false - up
[2024-08-26 16:41:25.935] [info]  Migrator MoveBiometricPromptsToStateProviders (to version 23) should migrate: false - up
[2024-08-26 16:41:25.935] [info]  Migrator SmOnboardingTasksMigrator (to version 24) should migrate: false - up
[2024-08-26 16:41:25.935] [info]  Migrator ClearClipboardDelayMigrator (to version 25) should migrate: false - up
[2024-08-26 16:41:25.935] [info]  Migrator RevertLastSyncMigrator (to version 26) should migrate: false - up
[2024-08-26 16:41:25.936] [info]  Migrator BadgeSettingsMigrator (to version 27) should migrate: false - up
[2024-08-26 16:41:25.936] [info]  Migrator MoveBiometricUnlockToStateProviders (to version 28) should migrate: false - up
[2024-08-26 16:41:25.936] [info]  Migrator UserNotificationSettingsKeyMigrator (to version 29) should migrate: false - up
[2024-08-26 16:41:25.936] [info]  Migrator PolicyMigrator (to version 30) should migrate: false - up
[2024-08-26 16:41:25.936] [info]  Migrator EnableContextMenuMigrator (to version 31) should migrate: false - up
[2024-08-26 16:41:25.936] [info]  Migrator PreferredLanguageMigrator (to version 32) should migrate: false - up
[2024-08-26 16:41:25.936] [info]  Migrator AppIdMigrator (to version 33) should migrate: false - up
[2024-08-26 16:41:25.936] [info]  Migrator DomainSettingsMigrator (to version 34) should migrate: false - up
[2024-08-26 16:41:25.936] [info]  Migrator MoveThemeToStateProviderMigrator (to version 35) should migrate: false - up
[2024-08-26 16:41:25.936] [info]  Migrator VaultSettingsKeyMigrator (to version 36) should migrate: false - up
[2024-08-26 16:41:25.936] [info]  Migrator AvatarColorMigrator (to version 37) should migrate: false - up
[2024-08-26 16:41:25.936] [info]  Migrator TokenServiceStateProviderMigrator (to version 38) should migrate: false - up
[2024-08-26 16:41:25.936] [info]  Migrator MoveBillingAccountProfileMigrator (to version 39) should migrate: false - up
[2024-08-26 16:41:25.936] [info]  Migrator OrganizationMigrator (to version 40) should migrate: false - up
[2024-08-26 16:41:25.936] [info]  Migrator EventCollectionMigrator (to version 41) should migrate: false - up
[2024-08-26 16:41:25.936] [info]  Migrator EnableFaviconMigrator (to version 42) should migrate: false - up
[2024-08-26 16:41:25.936] [info]  Migrator AutoConfirmFingerPrintsMigrator (to version 43) should migrate: false - up
[2024-08-26 16:41:25.936] [info]  Migrator UserDecryptionOptionsMigrator (to version 44) should migrate: false - up
[2024-08-26 16:41:25.936] [info]  Migrator MergeEnvironmentState (to version 45) should migrate: false - up
[2024-08-26 16:41:25.937] [info]  Migrator DeleteBiometricPromptCancelledData (to version 46) should migrate: false - up
[2024-08-26 16:41:25.937] [info]  Migrator MoveDesktopSettingsMigrator (to version 47) should migrate: false - up
[2024-08-26 16:41:25.937] [info]  Migrator MoveDdgToStateProviderMigrator (to version 48) should migrate: false - up
[2024-08-26 16:41:25.937] [info]  Migrator AccountServerConfigMigrator (to version 49) should migrate: false - up
[2024-08-26 16:41:25.937] [info]  Migrator KeyConnectorMigrator (to version 50) should migrate: false - up
[2024-08-26 16:41:25.937] [info]  Migrator RememberedEmailMigrator (to version 51) should migrate: false - up
[2024-08-26 16:41:25.937] [info]  Migrator DeleteInstalledVersion (to version 52) should migrate: false - up
[2024-08-26 16:41:25.937] [info]  Migrator DeviceTrustServiceStateProviderMigrator (to version 53) should migrate: false - up
[2024-08-26 16:41:25.937] [info]  Migrator SendMigrator (to version 54) should migrate: false - up
[2024-08-26 16:41:25.937] [info]  Migrator MoveMasterKeyStateToProviderMigrator (to version 55) should migrate: false - up
[2024-08-26 16:41:25.937] [info]  Migrator AuthRequestMigrator (to version 56) should migrate: false - up
[2024-08-26 16:41:25.937] [info]  Migrator CipherServiceMigrator (to version 57) should migrate: false - up
[2024-08-26 16:41:25.937] [info]  Migrator RemoveRefreshTokenMigratedFlagMigrator (to version 58) should migrate: false - up
[2024-08-26 16:41:25.937] [info]  Migrator KdfConfigMigrator (to version 59) should migrate: false - up
[2024-08-26 16:41:25.937] [info]  Migrator KnownAccountsMigrator (to version 60) should migrate: false - up
[2024-08-26 16:41:25.937] [info]  Migrator PinStateMigrator (to version 61) should migrate: false - up
[2024-08-26 16:41:25.937] [info]  Migrator VaultTimeoutSettingsServiceStateProviderMigrator (to version 62) should migrate: false - up
[2024-08-26 16:41:25.937] [info]  Migrator PasswordOptionsMigrator (to version 63) should migrate: false - up
[2024-08-26 16:41:25.937] [info]  Migrator GeneratorHistoryMigrator (to version 64) should migrate: false - up
[2024-08-26 16:41:25.937] [info]  Migrator ForwarderOptionsMigrator (to version 65) should migrate: false - up
[2024-08-26 16:41:25.938] [info]  Migrator MoveFinalDesktopSettingsMigrator (to version 66) should migrate: true - up
[2024-08-26 16:41:25.940] [info]  Migrator MoveFinalDesktopSettingsMigrator (to version 66) migrated - up
[2024-08-26 16:41:25.941] [info]  Setting stateVersion
[2024-08-26 16:41:25.946] [info]  Migrator MoveFinalDesktopSettingsMigrator (to version 66) updated version - up
[2024-08-26 16:41:25.946] [info]  Migrator RemoveUnassignedItemsBannerDismissed (to version 67) should migrate: true - up
[2024-08-26 16:41:25.949] [info]  Removing user_d3c10344-7823-4ed0-8155-b1740067f148_unassignedItemsBanner_showBanner
[2024-08-26 16:41:25.955] [info]  Migrator RemoveUnassignedItemsBannerDismissed (to version 67) migrated - up
[2024-08-26 16:41:25.955] [info]  Setting stateVersion
[2024-08-26 16:41:25.960] [info]  Migrator RemoveUnassignedItemsBannerDismissed (to version 67) updated version - up
[2024-08-26 16:41:25.960] [info]  Migrator MoveLastSyncDate (to version 68) should migrate: true - up
[2024-08-26 16:41:25.962] [info]  Setting user_d3c10344-7823-4ed0-8155-b1740067f148_sync_lastSync
[2024-08-26 16:41:25.966] [info]  Setting d3c10344-7823-4ed0-8155-b1740067f148
[2024-08-26 16:41:25.971] [info]  Migrator MoveLastSyncDate (to version 68) migrated - up
[2024-08-26 16:41:25.971] [info]  Setting stateVersion
[2024-08-26 16:41:25.975] [info]  Migrator MoveLastSyncDate (to version 68) updated version - up
[2024-08-26 16:41:26.077] [info]  Disabling coredumps in main process
[2024-08-26 16:41:26.549] [info]  State version: 68
[2024-08-26 16:41:26.554] [info]  Error: The name is not activatable
[2024-08-26 16:41:26.588] [info]  Error: The name is not activatable
[2024-08-26 16:41:27.679] [info]  Error: The name is not activatable
[2024-08-26 16:41:27.687] [info]  Error: The name is not activatable
[2024-08-26 16:41:27.692] [info]  Error: The name is not activatable
[2024-08-26 16:41:27.693] [error] SetAccessToken: storing encrypted access token in secure storage failed. Falling back to disk storage. Error: New Access token key unable to be retrieved from secure storage.
[2024-08-26 16:41:27.715] [info]  Error: The name is not activatable
[2024-08-26 16:41:27.719] [info]  Error: The name is not activatable
[2024-08-26 16:41:27.720] [error] SetRefreshToken: storing refresh token in secure storage failed. Falling back to disk storage. Error: Refresh token failed to save to secure storage.
[2024-08-26 16:41:27.735] [info]  Error: The name is not activatable
[2024-08-26 16:41:27.740] [info]  Error: The name is not activatable
[2024-08-26 16:41:28.504] [error] TypeError: Object has been destroyed
    at WindowMain.<anonymous> (/usr/lib/bitwarden/app.asar/main.js:86121:36)
    at Generator.next (<anonymous>)
    at /usr/lib/bitwarden/app.asar/main.js:85852:71
    at new Promise (<anonymous>)
    at window_main_awaiter (/usr/lib/bitwarden/app.asar/main.js:85848:12)
    at WindowMain.updateWindowState (/usr/lib/bitwarden/app.asar/main.js:86116:16)
    at WindowMain.<anonymous> (/usr/lib/bitwarden/app.asar/main.js:86051:28)
    at Generator.next (<anonymous>)
    at /usr/lib/bitwarden/app.asar/main.js:85852:71
    at new Promise (<anonymous>)
