2024-08-13 12:51:09 Loading main app package /usr/lib/obsidian/obsidian.asar
2024-08-13 12:51:09 Checking for update using Github
2024-08-13 12:51:10 Success.
2024-08-13 12:51:10 Latest version is 1.6.7
2024-08-13 12:51:10 App is up to date.
2024-08-13 12:58:08 Loading main app package /usr/lib/obsidian/obsidian.asar
2024-08-13 12:58:08 Checking for update using Github
2024-08-13 12:58:08 Success.
2024-08-13 12:58:08 Latest version is 1.6.7
2024-08-13 12:58:08 App is up to date.
2024-08-13 13:52:15 Loading main app package /usr/lib/obsidian/obsidian.asar
2024-08-13 13:52:15 Checking for update using Github
2024-08-13 13:52:16 Success.
2024-08-13 13:52:16 Latest version is 1.6.7
2024-08-13 13:52:16 App is up to date.
2024-08-13 14:52:15 Checking for update using Github
2024-08-13 14:52:15 Success.
2024-08-13 14:52:15 Latest version is 1.6.7
2024-08-13 14:52:15 App is up to date.
2024-08-13 17:00:08 Loading main app package /usr/lib/obsidian/obsidian.asar
2024-08-13 17:00:08 Checking for update using Github
2024-08-13 17:00:08 Success.
2024-08-13 17:00:08 Latest version is 1.6.7
2024-08-13 17:00:08 App is up to date.
2024-08-13 18:00:08 Checking for update using Github
2024-08-13 18:00:08 Success.
2024-08-13 18:00:08 Latest version is 1.6.7
2024-08-13 18:00:08 App is up to date.
2024-08-13 19:00:08 Checking for update using Github
2024-08-13 19:00:08 Success.
2024-08-13 19:00:08 Latest version is 1.6.7
2024-08-13 19:00:08 App is up to date.
2024-08-13 20:00:08 Checking for update using Github
2024-08-13 20:00:08 Success.
2024-08-13 20:00:08 Latest version is 1.6.7
2024-08-13 20:00:08 App is up to date.
2024-08-15 11:31:58 Loading main app package /usr/lib/obsidian/obsidian.asar
2024-08-15 11:31:58 Checking for update using Github
2024-08-15 11:31:59 Success.
2024-08-15 11:31:59 Latest version is 1.6.7
2024-08-15 11:31:59 App is up to date.
2024-08-15 12:31:58 Checking for update using Github
2024-08-15 12:31:59 Success.
2024-08-15 12:31:59 Latest version is 1.6.7
2024-08-15 12:31:59 App is up to date.
2024-08-17 07:45:20 Loading main app package /usr/lib/obsidian/obsidian.asar
2024-08-17 07:45:20 Checking for update using Github
2024-08-17 07:45:21 Success.
2024-08-17 07:45:21 Latest version is 1.6.7
2024-08-17 07:45:21 App is up to date.
2024-08-17 08:45:20 Checking for update using Github
2024-08-17 08:45:21 Success.
2024-08-17 08:45:21 Latest version is 1.6.7
2024-08-17 08:45:21 App is up to date.
2024-08-17 09:45:20 Checking for update using Github
2024-08-17 09:45:21 Success.
2024-08-17 09:45:21 Latest version is 1.6.7
2024-08-17 09:45:21 App is up to date.
2024-08-17 10:45:20 Checking for update using Github
2024-08-17 10:45:21 Success.
2024-08-17 10:45:21 Latest version is 1.6.7
2024-08-17 10:45:21 App is up to date.
2024-08-17 11:45:20 Checking for update using Github
2024-08-17 11:45:21 Success.
2024-08-17 11:45:21 Latest version is 1.6.7
2024-08-17 11:45:21 App is up to date.
2024-08-17 12:45:21 Checking for update using Github
2024-08-17 12:45:21 Success.
2024-08-17 12:45:21 Latest version is 1.6.7
2024-08-17 12:45:21 App is up to date.
2024-08-17 13:45:21 Checking for update using Github
2024-08-17 13:45:21 Success.
2024-08-17 13:45:21 Latest version is 1.6.7
2024-08-17 13:45:21 App is up to date.
2024-08-17 14:45:21 Checking for update using Github
2024-08-17 14:45:21 Success.
2024-08-17 14:45:21 Latest version is 1.6.7
2024-08-17 14:45:21 App is up to date.
2024-08-18 09:42:33 Loading main app package /usr/lib/obsidian/obsidian.asar
2024-08-18 09:42:33 Checking for update using Github
2024-08-18 09:42:33 Success.
2024-08-18 09:42:33 Latest version is 1.6.7
2024-08-18 09:42:33 App is up to date.
2024-08-26 08:44:47 Loading main app package /usr/lib/obsidian/obsidian.asar
2024-08-26 08:44:48 Checking for update using Github
2024-08-26 08:44:48 Success.
2024-08-26 08:44:48 Latest version is 1.6.7
2024-08-26 08:44:48 App is up to date.
2024-08-26 12:46:33 Loading main app package /usr/lib/obsidian/obsidian.asar
2024-08-26 12:46:33 Checking for update using Github
2024-08-26 12:46:33 Success.
2024-08-26 12:46:33 Latest version is 1.6.7
2024-08-26 12:46:33 App is up to date.
