Launching "Title" (sideload)
Native? No
Installed in: /home/andreiii/Downloads/Marvels Spider-Man Miles Morales

System Info:
CPU: 8x 11th Gen Intel(R) Core(TM) i7-1165G7 @ 2.80GHz
Memory: 16.45 GB (used: 6.9 GB)
GPUs:
  GPU 0:
    Name: Intel Corporation TigerLake-LP GT2 [Iris Xe Graphics]
    IDs: D=9a49 V=8086 SD=15cc SV=1043
    Driver: i915
OS: Arch Linux 6.10.6-arch1-1 (linux)

The current system is not a Steam Deck
We are not running inside a Flatpak container

Software Versions:
  Heroic: 2.15.1 Emeth
  Legendary: 0.20.35 Lowlife (Heroic)
  gogdl: 1.1.1
  comet: comet 0.1.2

  Nile: 1.1.1 Will A. Zeppeli

Game Settings: {
	"autoInstallDxvk": true,
	"autoInstallDxvkNvapi": false,
	"autoInstallVkd3d": true,
	"preferSystemLibs": false,
	"enableEsync": true,
	"enableMsync": false,
	"enableFsync": true,
	"nvidiaPrime": false,
	"enviromentOptions": [],
	"wrapperOptions": [],
	"showFps": false,
	"useGameMode": false,
	"battlEyeRuntime": true,
	"eacRuntime": true,
	"language": "",
	"beforeLaunchScriptPath": "",
	"afterLaunchScriptPath": "",
	"wineVersion": {
		"bin": "",
		"name": "Default Wine - Not Found",
		"type": "wine"
	},
	"winePrefix": "/home/andreiii/Games/Heroic/Prefixes/default/Title",
	"wineCrossoverBottle": ""
}

Game launched at: Fri Aug 30 2024 14:54:56 GMT+0300 (Eastern European Summer Time)

