2024-08-19 11:08:35.125 [info] Added views:workbench.panel.markers.view in workbench.panel.markers
2024-08-19 11:08:35.125 [info] Added views:workbench.panel.output in workbench.panel.output
2024-08-19 11:08:35.125 [info] Added views:terminal in terminal
2024-08-19 11:08:35.125 [info] Added views:outline in workbench.view.explorer
2024-08-19 11:08:35.125 [info] Added views:workbench.scm in workbench.view.scm
2024-08-19 11:08:35.125 [info] Added views:workbench.view.search in workbench.view.search
2024-08-19 11:08:35.125 [info] Added views:timeline in workbench.view.explorer
2024-08-19 11:08:35.125 [info] Added views:workbench.explorer.emptyView in workbench.view.explorer
2024-08-19 11:08:35.555 [info] Added views:workbench.debug.variablesView,workbench.debug.watchExpressionsView,workbench.debug.callStackView,workbench.debug.breakPointsView in workbench.view.debug
2024-08-19 11:08:35.591 [info] Added views:workbench.panel.repl.view in workbench.panel.repl
2024-08-19 11:08:35.592 [info] Removed views:workbench.debug.breakPointsView,workbench.debug.callStackView,workbench.debug.watchExpressionsView,workbench.debug.variablesView from workbench.view.debug
2024-08-19 11:08:35.592 [info] Added views:workbench.debug.welcome in workbench.view.debug
2024-08-19 11:08:35.763 [info] Added views:~remote.forwardedPorts in ~remote.forwardedPortsContainer
2024-08-19 11:08:42.931 [info] Added views:workbench.views.extensions.installed,workbench.views.extensions.popular,extensions.recommendedList in workbench.view.extensions
2024-08-19 11:08:42.936 [info] Removed views:workbench.views.extensions.popular from workbench.view.extensions
2024-08-19 11:08:43.073 [info] Added views:workbench.views.extensions.popular in workbench.view.extensions
2024-08-19 11:08:46.357 [info] Removed views:extensions.recommendedList,workbench.views.extensions.popular,workbench.views.extensions.installed from workbench.view.extensions
2024-08-19 11:08:46.363 [info] Added views:workbench.views.extensions.marketplace in workbench.view.extensions
2024-08-19 11:09:09.769 [info] Added views:workbench.panel.markers.view in workbench.panel.markers
2024-08-19 11:09:09.769 [info] Added views:workbench.panel.output in workbench.panel.output
2024-08-19 11:09:09.769 [info] Added views:terminal in terminal
2024-08-19 11:09:09.769 [info] Added views:outline in workbench.view.explorer
2024-08-19 11:09:09.769 [info] Added views:workbench.scm in workbench.view.scm
2024-08-19 11:09:09.769 [info] Added views:workbench.view.search in workbench.view.search
2024-08-19 11:09:09.769 [info] Added views:timeline in workbench.view.explorer
2024-08-19 11:09:09.769 [info] Added views:workbench.explorer.fileView in workbench.view.explorer
2024-08-19 11:09:10.088 [info] Added views:workbench.debug.variablesView,workbench.debug.watchExpressionsView,workbench.debug.callStackView,workbench.debug.breakPointsView in workbench.view.debug
2024-08-19 11:09:10.110 [info] Added views:workbench.panel.repl.view in workbench.panel.repl
2024-08-19 11:09:10.110 [info] Removed views:workbench.debug.breakPointsView,workbench.debug.callStackView,workbench.debug.watchExpressionsView,workbench.debug.variablesView from workbench.view.debug
2024-08-19 11:09:10.111 [info] Added views:workbench.debug.welcome in workbench.view.debug
2024-08-19 11:09:10.304 [info] Added views:~remote.forwardedPorts in ~remote.forwardedPortsContainer
