00:00:00.268619 VirtualBox GUI VM Selector Window 7.0.20 r163906 linux.amd64 (Jul 16 2024 13:33:48) release log
00:00:00.268621 Log opened 2024-08-24T14:38:03.313550000Z
00:00:00.268622 Build Type: release
00:00:00.268623 OS Product: Linux
00:00:00.268624 OS Release: 6.10.4-arch2-1
00:00:00.268624 OS Version: #1 SMP PREEMPT_DYNAMIC Sun, 11 Aug 2024 16:19:06 +0000
00:00:00.268647 DMI Product Name: VivoBook_ASUSLaptop X515EA_X1500EA
00:00:00.268653 DMI Product Version: 1.0       
00:00:00.268657 Firmware type: UEFI
00:00:00.268833 Secure Boot: Disabled
00:00:00.268867 Host RAM: 15690MB (15.3GB) total, 11621MB (11.3GB) available
00:00:00.268870 Executable: /usr/lib/virtualbox/VirtualBox
00:00:00.268870 Process ID: 14559
00:00:00.268871 Package type: LINUX_64BITS_GENERIC (OSE)
00:00:00.268902 Qt version: 5.15.14
00:00:00.269354 GUI: UIMediumEnumerator: Initial medium-enumeration finished!
00:00:00.271951 GUI: UIMediumEnumerator: Medium-enumeration started...
00:00:00.271974 GUI: UIMediumEnumerator: Medium-enumeration finished!
00:00:00.661171 GUI: UIDesktopWidgetWatchdog::sltHandleHostScreenAvailableGeometryCalculated: Screen 0 work area is actually resized to: 560x149 x 800x800
00:00:08.063289 GUI: UICommon: Handling aboutToQuit request..
00:00:09.272387 GUI: UICommon: aboutToQuit request handled!
