00:00:00.000121 main     VirtualBox XPCOM Server 7.0.20 r163906 linux.amd64 (Jul 16 2024 13:33:48) release log
00:00:00.000123 main     Log opened 2024-08-24T14:38:03.179931000Z
00:00:00.000123 main     Build Type: release
00:00:00.000125 main     OS Product: Linux
00:00:00.000125 main     OS Release: 6.10.4-arch2-1
00:00:00.000125 main     OS Version: #1 SMP PREEMPT_DYNAMIC Sun, 11 Aug 2024 16:19:06 +0000
00:00:00.000140 main     DMI Product Name: VivoBook_ASUSLaptop X515EA_X1500EA
00:00:00.000144 main     DMI Product Version: 1.0       
00:00:00.000147 main     Firmware type: UEFI
00:00:00.000361 main     Secure Boot: Disabled
00:00:00.000394 main     Host RAM: 15690MB (15.3GB) total, 11622MB (11.3GB) available
00:00:00.000397 main     Executable: /usr/lib/virtualbox/VBoxSVC
00:00:00.000397 main     Process ID: 14585
00:00:00.000397 main     Package type: LINUX_64BITS_GENERIC (OSE)
00:00:00.001530 main     IPC socket path: /tmp/.vbox-andreiii-ipc/ipcd
00:00:00.104781 nspr-2   VirtualBox: object creation starts
00:00:00.104849 nspr-2   Home directory: '/home/andreiii/.config/VirtualBox'
00:00:00.112044 nspr-2   NetIfAdpCtlOut: VBoxNetAdpCtl: Error while retrieving link speed for wlan0: VBoxNetAdpCtl: ioctl failed: Operation not supported
00:00:00.112648 nspr-2   HostDnsMonitor: initializing
00:00:00.112763 nspr-2   NAT: resolv.conf: nameserver 100.100.1.1
00:00:00.112771 nspr-2   NAT: resolv.conf: nameserver 100.100.0.1
00:00:00.112775 nspr-2   NAT: resolv.conf: nameserver 2a02:2f0c:8000:3::1
00:00:00.112778 nspr-2   NAT: resolv.conf: too many nameserver lines, ignoring 2a02:2f0c:8000:8::1
00:00:00.112788 nspr-2   HostDnsMonitor: updating information
00:00:00.112803 nspr-2   HostDnsMonitor: old information
00:00:00.112806 nspr-2     no server entries
00:00:00.112809 nspr-2     no domain set
00:00:00.112811 nspr-2     no search string entries
00:00:00.112813 nspr-2   HostDnsMonitor: new information
00:00:00.112815 nspr-2     server 1: 100.100.1.1
00:00:00.112818 nspr-2     server 2: 100.100.0.1
00:00:00.112820 nspr-2     server 3: 2a02:2f0c:8000:3::1
00:00:00.112823 nspr-2     no domain set
00:00:00.112825 nspr-2     no search string entries
00:00:00.113990 nspr-2   Failed to open "/dev/vboxdrvu", errno=2, rc=VERR_VM_DRIVER_NOT_INSTALLED
00:00:00.114125 nspr-2   VD: VDInit finished with VINF_SUCCESS
00:00:00.114192 nspr-2   ERROR [COM]: aRC=NS_ERROR_FAILURE (0x80004005) aIID={aac6c7cb-a371-4c58-ab51-0616896b2f2c} aComponent={SystemPropertiesWrap} aText={Cannot determine default Guest Additions ISO location. Most likely they are not available}, preserve=false aResultDetail=0
00:00:00.114771 nspr-2   VirtualBox: object created
00:00:00.484006 nspr-4   Saving settings file "/home/andreiii/.config/VirtualBox/VirtualBox.xml" with version "1.12-linux"
00:00:00.487825 nspr-4   Finished saving settings file "/home/andreiii/.config/VirtualBox/VirtualBox.xml"
00:00:00.515049 nspr-2   Saving settings file "/home/andreiii/.config/VirtualBox/VirtualBox.xml" with version "1.12-linux"
00:00:00.518863 nspr-2   Finished saving settings file "/home/andreiii/.config/VirtualBox/VirtualBox.xml"
00:00:00.545252 nspr-4   WARNING [COM]: aRC=NS_ERROR_FAILURE (0x80004005) aIID={e54f6256-97a7-4947-8a78-10c013ddf4b8} aComponent={HostWrap} aText={Could not load the Host USB Proxy service: VERR_NOT_FOUND}, preserve=false aResultDetail=0
00:00:01.429640 nspr-4   Saving settings file "/home/andreiii/.config/VirtualBox/VirtualBox.xml" with version "1.12-linux"
00:00:01.436130 nspr-4   Finished saving settings file "/home/andreiii/.config/VirtualBox/VirtualBox.xml"
00:00:03.104366 nspr-3   Saving settings file "/home/andreiii/.config/VirtualBox/VirtualBox.xml" with version "1.12-linux"
00:00:03.110668 nspr-3   Finished saving settings file "/home/andreiii/.config/VirtualBox/VirtualBox.xml"
00:00:14.125067 main     VirtualBox: object deletion starts
00:00:14.125534 main     HostDnsMonitor: shutting down ...
00:00:14.125955 main     HostDnsMonitor: shut down
00:00:14.136825 Watcher  ERROR [COM]: aRC=E_ACCESSDENIED (0x80070005) aIID={7682d5eb-f00e-44f1-8ca2-99d08b1cd607} aComponent={VirtualBoxWrap} aText={The object is not ready}, preserve=false aResultDetail=0
00:00:14.136965 main     VirtualBox: object deleted
