2024-08-29T17:56:53.007Z 0: 

----------------------------------------------
2024-08-29T17:56:53.036Z 1: Discord starting: {"releaseChannel":"stable","version":"0.0.66"}, modulepath: /home/andreiii/.config/discord/0.0.66/modules
2024-08-29T17:56:53.044Z 2: ✅ webContents.created web1 "index.html"
2024-08-29T17:56:53.058Z 3: ✅ window.created win1 "discord"
2024-08-29T17:56:53.179Z 4: ✅ webContents.did-finish-load web1
2024-08-29T17:57:03.377Z 5: ✅ webContents.created web2 ""
2024-08-29T17:57:03.381Z 6: ✅ window.created win2 "Discord"
2024-08-29T17:57:04.910Z 7: ✅ webContents.did-finish-load web2
2024-08-29T17:57:05.011Z 8: window.close win1
2024-08-29T17:57:05.018Z 9: webContents.destroyed web1
2024-08-29T17:57:05.020Z 10: window.closed win1
2024-08-29T19:24:31.868Z 11: window.close win2
2024-08-29T23:28:16.157Z 12: before-quit
2024-08-29T23:28:16.163Z 13: window.close win2
2024-08-30T15:15:25.030Z 0: 

----------------------------------------------
2024-08-30T15:15:25.039Z 1: Discord starting: {"releaseChannel":"stable","version":"0.0.66"}, modulepath: /home/andreiii/.config/discord/0.0.66/modules
2024-08-30T15:15:25.042Z 2: ✅ webContents.created web1 "index.html"
2024-08-30T15:15:25.044Z 3: ✅ window.created win1 "discord"
2024-08-30T15:15:25.175Z 4: ✅ webContents.did-finish-load web1
2024-08-30T15:15:25.698Z 5: ✅ webContents.created web2 ""
2024-08-30T15:15:25.702Z 6: ✅ window.created win2 "Discord"
2024-08-30T15:15:32.910Z 7: ✅ webContents.did-finish-load web2
2024-08-30T15:15:33.012Z 8: window.close win1
2024-08-30T15:15:33.044Z 9: webContents.destroyed web1
2024-08-30T15:15:33.047Z 10: window.closed win1
2024-08-30T15:19:23.433Z 11: window.close win2
2024-08-30T15:26:44.925Z 12: before-quit
